1760825269.544065 client started (89122): version 3.5a, socket /private/tmp/tmux-501/default, protocol 8
1760825269.544114 on Darwin 25.0.0 Darwin Kernel Version 25.0.0: Wed Sep 17 21:41:26 PDT 2025; root:xnu-12377.1.9~141/RELEASE_ARM64_T6041
1760825269.544123 using libevent 2.1.12-stable select
1760825269.544152 using utf8proc 2.11.0
1760825269.544160 using ncurses 6.5 20240427
1760825269.544175 flags are 0x18010000
1760825269.544182 socket is /private/tmp/tmux-501/default
1760825269.544194 trying connect
1760825269.544210 connect failed: No such file or directory
1760825269.544226 lock file is /private/tmp/tmux-501/default.lock
1760825269.544321 flock succeeded
1760825269.544329 got lock (6)
1760825269.544336 trying connect
1760825269.544345 connect failed: No such file or directory
1760825269.544992 add peer 0x95dc00000: 7 (0x0)
1760825269.547621 sending message 111 to peer 0x95dc00000 (8 bytes)
1760825269.547628 sending message 111 to peer 0x95dc00000 (8 bytes)
1760825269.547632 sending message 101 to peer 0x95dc00000 (15 bytes)
1760825269.547635 sending message 109 to peer 0x95dc00000 (4 bytes)
1760825269.547638 sending message 102 to peer 0x95dc00000 (13 bytes)
1760825269.547641 sending message 108 to peer 0x95dc00000 (62 bytes)
1760825269.547644 sending message 112 to peer 0x95dc00000 (58 bytes)
1760825269.547645 sending message 112 to peer 0x95dc00000 (5 bytes)
1760825269.547648 sending message 112 to peer 0x95dc00000 (5 bytes)
1760825269.547653 sending message 112 to peer 0x95dc00000 (6 bytes)
1760825269.547656 sending message 112 to peer 0x95dc00000 (6 bytes)
1760825269.547658 sending message 112 to peer 0x95dc00000 (11 bytes)
1760825269.547661 sending message 112 to peer 0x95dc00000 (10 bytes)
1760825269.547664 sending message 112 to peer 0x95dc00000 (13 bytes)
1760825269.547666 sending message 112 to peer 0x95dc00000 (14 bytes)
1760825269.547669 sending message 112 to peer 0x95dc00000 (19 bytes)
1760825269.547671 sending message 112 to peer 0x95dc00000 (11 bytes)
1760825269.547674 sending message 112 to peer 0x95dc00000 (10 bytes)
1760825269.547677 sending message 112 to peer 0x95dc00000 (15 bytes)
1760825269.547679 sending message 112 to peer 0x95dc00000 (21 bytes)
1760825269.547681 sending message 112 to peer 0x95dc00000 (13 bytes)
1760825269.547686 sending message 112 to peer 0x95dc00000 (7 bytes)
1760825269.547689 sending message 112 to peer 0x95dc00000 (13 bytes)
1760825269.547691 sending message 112 to peer 0x95dc00000 (7 bytes)
1760825269.547693 sending message 112 to peer 0x95dc00000 (13 bytes)
1760825269.547696 sending message 112 to peer 0x95dc00000 (9 bytes)
1760825269.547699 sending message 112 to peer 0x95dc00000 (21 bytes)
1760825269.547702 sending message 112 to peer 0x95dc00000 (13 bytes)
1760825269.547704 sending message 112 to peer 0x95dc00000 (9 bytes)
1760825269.547708 sending message 112 to peer 0x95dc00000 (16 bytes)
1760825269.547711 sending message 112 to peer 0x95dc00000 (13 bytes)
1760825269.547715 sending message 112 to peer 0x95dc00000 (9 bytes)
1760825269.547718 sending message 112 to peer 0x95dc00000 (9 bytes)
1760825269.547722 sending message 112 to peer 0x95dc00000 (12 bytes)
1760825269.547726 sending message 112 to peer 0x95dc00000 (8 bytes)
1760825269.547729 sending message 112 to peer 0x95dc00000 (8 bytes)
1760825269.547732 sending message 112 to peer 0x95dc00000 (13 bytes)
1760825269.547737 sending message 112 to peer 0x95dc00000 (7 bytes)
1760825269.547740 sending message 112 to peer 0x95dc00000 (7 bytes)
1760825269.547744 sending message 112 to peer 0x95dc00000 (9 bytes)
1760825269.547747 sending message 112 to peer 0x95dc00000 (9 bytes)
1760825269.547751 sending message 112 to peer 0x95dc00000 (15 bytes)
1760825269.547754 sending message 112 to peer 0x95dc00000 (13 bytes)
1760825269.547756 sending message 112 to peer 0x95dc00000 (12 bytes)
1760825269.547759 sending message 112 to peer 0x95dc00000 (8 bytes)
1760825269.547761 sending message 112 to peer 0x95dc00000 (14 bytes)
1760825269.547764 sending message 112 to peer 0x95dc00000 (11 bytes)
1760825269.547766 sending message 112 to peer 0x95dc00000 (9 bytes)
1760825269.547773 sending message 112 to peer 0x95dc00000 (10 bytes)
1760825269.547776 sending message 112 to peer 0x95dc00000 (10 bytes)
1760825269.547778 sending message 112 to peer 0x95dc00000 (10 bytes)
1760825269.547779 sending message 112 to peer 0x95dc00000 (10 bytes)
1760825269.547781 sending message 112 to peer 0x95dc00000 (11 bytes)
1760825269.547783 sending message 112 to peer 0x95dc00000 (12 bytes)
1760825269.547785 sending message 112 to peer 0x95dc00000 (12 bytes)
1760825269.547788 sending message 112 to peer 0x95dc00000 (12 bytes)
1760825269.547791 sending message 112 to peer 0x95dc00000 (12 bytes)
1760825269.547793 sending message 112 to peer 0x95dc00000 (12 bytes)
1760825269.547796 sending message 112 to peer 0x95dc00000 (11 bytes)
1760825269.547798 sending message 112 to peer 0x95dc00000 (11 bytes)
1760825269.547799 sending message 112 to peer 0x95dc00000 (12 bytes)
1760825269.547801 sending message 112 to peer 0x95dc00000 (12 bytes)
1760825269.547803 sending message 112 to peer 0x95dc00000 (12 bytes)
1760825269.547805 sending message 112 to peer 0x95dc00000 (12 bytes)
1760825269.547809 sending message 112 to peer 0x95dc00000 (12 bytes)
1760825269.547811 sending message 112 to peer 0x95dc00000 (9 bytes)
1760825269.547813 sending message 112 to peer 0x95dc00000 (12 bytes)
1760825269.547815 sending message 112 to peer 0x95dc00000 (13 bytes)
1760825269.547817 sending message 112 to peer 0x95dc00000 (13 bytes)
1760825269.547820 sending message 112 to peer 0x95dc00000 (13 bytes)
1760825269.547822 sending message 112 to peer 0x95dc00000 (13 bytes)
1760825269.547824 sending message 112 to peer 0x95dc00000 (13 bytes)
1760825269.547826 sending message 112 to peer 0x95dc00000 (8 bytes)
1760825269.547828 sending message 112 to peer 0x95dc00000 (11 bytes)
1760825269.547830 sending message 112 to peer 0x95dc00000 (11 bytes)
1760825269.547832 sending message 112 to peer 0x95dc00000 (11 bytes)
1760825269.547834 sending message 112 to peer 0x95dc00000 (12 bytes)
1760825269.547836 sending message 112 to peer 0x95dc00000 (12 bytes)
1760825269.547838 sending message 112 to peer 0x95dc00000 (12 bytes)
1760825269.547840 sending message 112 to peer 0x95dc00000 (12 bytes)
1760825269.547842 sending message 112 to peer 0x95dc00000 (13 bytes)
1760825269.547844 sending message 112 to peer 0x95dc00000 (13 bytes)
1760825269.547845 sending message 112 to peer 0x95dc00000 (13 bytes)
1760825269.547848 sending message 112 to peer 0x95dc00000 (8 bytes)
1760825269.547850 sending message 112 to peer 0x95dc00000 (13 bytes)
1760825269.547853 sending message 112 to peer 0x95dc00000 (13 bytes)
1760825269.547855 sending message 112 to peer 0x95dc00000 (13 bytes)
1760825269.547858 sending message 112 to peer 0x95dc00000 (13 bytes)
1760825269.547859 sending message 112 to peer 0x95dc00000 (13 bytes)
1760825269.547861 sending message 112 to peer 0x95dc00000 (12 bytes)
1760825269.547863 sending message 112 to peer 0x95dc00000 (12 bytes)
1760825269.547865 sending message 112 to peer 0x95dc00000 (12 bytes)
1760825269.547867 sending message 112 to peer 0x95dc00000 (12 bytes)
1760825269.547869 sending message 112 to peer 0x95dc00000 (13 bytes)
1760825269.547871 sending message 112 to peer 0x95dc00000 (8 bytes)
1760825269.547872 sending message 112 to peer 0x95dc00000 (13 bytes)
1760825269.547874 sending message 112 to peer 0x95dc00000 (13 bytes)
1760825269.547876 sending message 112 to peer 0x95dc00000 (13 bytes)
1760825269.547878 sending message 112 to peer 0x95dc00000 (13 bytes)
1760825269.547880 sending message 112 to peer 0x95dc00000 (13 bytes)
1760825269.547882 sending message 112 to peer 0x95dc00000 (13 bytes)
1760825269.547883 sending message 112 to peer 0x95dc00000 (13 bytes)
1760825269.547884 sending message 112 to peer 0x95dc00000 (12 bytes)
1760825269.547886 sending message 112 to peer 0x95dc00000 (12 bytes)
1760825269.547888 sending message 112 to peer 0x95dc00000 (12 bytes)
1760825269.547890 sending message 112 to peer 0x95dc00000 (8 bytes)
1760825269.547892 sending message 112 to peer 0x95dc00000 (12 bytes)
1760825269.547896 sending message 112 to peer 0x95dc00000 (13 bytes)
1760825269.547899 sending message 112 to peer 0x95dc00000 (13 bytes)
1760825269.547900 sending message 112 to peer 0x95dc00000 (13 bytes)
1760825269.547901 sending message 112 to peer 0x95dc00000 (13 bytes)
1760825269.547902 sending message 112 to peer 0x95dc00000 (13 bytes)
1760825269.547904 sending message 112 to peer 0x95dc00000 (13 bytes)
1760825269.547906 sending message 112 to peer 0x95dc00000 (13 bytes)
1760825269.547908 sending message 112 to peer 0x95dc00000 (13 bytes)
1760825269.547910 sending message 112 to peer 0x95dc00000 (12 bytes)
1760825269.547912 sending message 112 to peer 0x95dc00000 (10 bytes)
1760825269.547914 sending message 112 to peer 0x95dc00000 (12 bytes)
1760825269.547915 sending message 112 to peer 0x95dc00000 (12 bytes)
1760825269.547917 sending message 112 to peer 0x95dc00000 (12 bytes)
1760825269.547919 sending message 112 to peer 0x95dc00000 (13 bytes)
1760825269.547921 sending message 112 to peer 0x95dc00000 (13 bytes)
1760825269.547923 sending message 112 to peer 0x95dc00000 (13 bytes)
1760825269.547925 sending message 112 to peer 0x95dc00000 (13 bytes)
1760825269.547927 sending message 112 to peer 0x95dc00000 (13 bytes)
1760825269.547929 sending message 112 to peer 0x95dc00000 (13 bytes)
1760825269.547931 sending message 112 to peer 0x95dc00000 (13 bytes)
1760825269.547934 sending message 112 to peer 0x95dc00000 (10 bytes)
1760825269.547936 sending message 112 to peer 0x95dc00000 (13 bytes)
1760825269.547938 sending message 112 to peer 0x95dc00000 (12 bytes)
1760825269.547940 sending message 112 to peer 0x95dc00000 (12 bytes)
1760825269.547942 sending message 112 to peer 0x95dc00000 (12 bytes)
1760825269.547944 sending message 112 to peer 0x95dc00000 (10 bytes)
1760825269.547946 sending message 112 to peer 0x95dc00000 (10 bytes)
1760825269.547948 sending message 112 to peer 0x95dc00000 (10 bytes)
1760825269.547950 sending message 112 to peer 0x95dc00000 (12 bytes)
1760825269.547952 sending message 112 to peer 0x95dc00000 (13 bytes)
1760825269.547954 sending message 112 to peer 0x95dc00000 (13 bytes)
1760825269.547956 sending message 112 to peer 0x95dc00000 (13 bytes)
1760825269.547958 sending message 112 to peer 0x95dc00000 (13 bytes)
1760825269.547960 sending message 112 to peer 0x95dc00000 (13 bytes)
1760825269.547963 sending message 112 to peer 0x95dc00000 (10 bytes)
1760825269.547965 sending message 112 to peer 0x95dc00000 (11 bytes)
1760825269.547967 sending message 112 to peer 0x95dc00000 (12 bytes)
1760825269.547969 sending message 112 to peer 0x95dc00000 (12 bytes)
1760825269.547971 sending message 112 to peer 0x95dc00000 (12 bytes)
1760825269.547973 sending message 112 to peer 0x95dc00000 (12 bytes)
1760825269.547975 sending message 112 to peer 0x95dc00000 (12 bytes)
1760825269.547977 sending message 112 to peer 0x95dc00000 (11 bytes)
1760825269.547978 sending message 112 to peer 0x95dc00000 (12 bytes)
1760825269.547980 sending message 112 to peer 0x95dc00000 (12 bytes)
1760825269.547982 sending message 112 to peer 0x95dc00000 (13 bytes)
1760825269.547984 sending message 112 to peer 0x95dc00000 (13 bytes)
1760825269.547985 sending message 112 to peer 0x95dc00000 (13 bytes)
1760825269.547988 sending message 112 to peer 0x95dc00000 (13 bytes)
1760825269.547991 sending message 112 to peer 0x95dc00000 (13 bytes)
1760825269.547993 sending message 112 to peer 0x95dc00000 (10 bytes)
1760825269.547995 sending message 112 to peer 0x95dc00000 (9 bytes)
1760825269.547997 sending message 112 to peer 0x95dc00000 (12 bytes)
1760825269.547999 sending message 112 to peer 0x95dc00000 (13 bytes)
1760825269.548001 sending message 112 to peer 0x95dc00000 (13 bytes)
1760825269.548003 sending message 112 to peer 0x95dc00000 (13 bytes)
1760825269.548004 sending message 112 to peer 0x95dc00000 (13 bytes)
1760825269.548006 sending message 112 to peer 0x95dc00000 (13 bytes)
1760825269.548008 sending message 112 to peer 0x95dc00000 (9 bytes)
1760825269.548011 sending message 112 to peer 0x95dc00000 (12 bytes)
1760825269.548013 sending message 112 to peer 0x95dc00000 (13 bytes)
1760825269.548018 sending message 112 to peer 0x95dc00000 (13 bytes)
1760825269.548020 sending message 112 to peer 0x95dc00000 (13 bytes)
1760825269.548022 sending message 112 to peer 0x95dc00000 (13 bytes)
1760825269.548024 sending message 112 to peer 0x95dc00000 (13 bytes)
1760825269.548025 sending message 112 to peer 0x95dc00000 (11 bytes)
1760825269.548027 sending message 112 to peer 0x95dc00000 (12 bytes)
1760825269.548029 sending message 112 to peer 0x95dc00000 (13 bytes)
1760825269.548031 sending message 112 to peer 0x95dc00000 (13 bytes)
1760825269.548033 sending message 112 to peer 0x95dc00000 (13 bytes)
1760825269.548034 sending message 112 to peer 0x95dc00000 (13 bytes)
1760825269.548037 sending message 112 to peer 0x95dc00000 (13 bytes)
1760825269.548043 sending message 112 to peer 0x95dc00000 (11 bytes)
1760825269.548049 sending message 112 to peer 0x95dc00000 (12 bytes)
1760825269.548053 sending message 112 to peer 0x95dc00000 (12 bytes)
1760825269.548057 sending message 112 to peer 0x95dc00000 (12 bytes)
1760825269.548062 sending message 112 to peer 0x95dc00000 (12 bytes)
1760825269.548066 sending message 112 to peer 0x95dc00000 (12 bytes)
1760825269.548071 sending message 112 to peer 0x95dc00000 (21 bytes)
1760825269.548076 sending message 112 to peer 0x95dc00000 (12 bytes)
1760825269.548079 sending message 112 to peer 0x95dc00000 (9 bytes)
1760825269.548084 sending message 112 to peer 0x95dc00000 (6 bytes)
1760825269.548090 sending message 112 to peer 0x95dc00000 (13 bytes)
1760825269.548096 sending message 112 to peer 0x95dc00000 (10 bytes)
1760825269.548100 sending message 112 to peer 0x95dc00000 (15 bytes)
1760825269.548105 sending message 112 to peer 0x95dc00000 (13 bytes)
1760825269.548110 sending message 112 to peer 0x95dc00000 (9 bytes)
1760825269.548113 sending message 112 to peer 0x95dc00000 (70 bytes)
1760825269.548118 sending message 112 to peer 0x95dc00000 (69 bytes)
1760825269.548121 sending message 112 to peer 0x95dc00000 (73 bytes)
1760825269.548124 sending message 112 to peer 0x95dc00000 (12 bytes)
1760825269.548128 sending message 112 to peer 0x95dc00000 (10 bytes)
1760825269.548133 sending message 112 to peer 0x95dc00000 (10 bytes)
1760825269.548137 sending message 112 to peer 0x95dc00000 (15 bytes)
1760825269.548142 sending message 112 to peer 0x95dc00000 (13 bytes)
1760825269.548147 sending message 112 to peer 0x95dc00000 (10 bytes)
1760825269.548152 sending message 112 to peer 0x95dc00000 (10 bytes)
1760825269.548157 sending message 112 to peer 0x95dc00000 (17 bytes)
1760825269.548163 sending message 112 to peer 0x95dc00000 (10 bytes)
1760825269.548166 sending message 112 to peer 0x95dc00000 (13 bytes)
1760825269.548170 sending message 112 to peer 0x95dc00000 (15 bytes)
1760825269.548175 sending message 112 to peer 0x95dc00000 (5 bytes)
1760825269.548180 sending message 104 to peer 0x95dc00000 (0 bytes)
1760825269.548185 sending message 110 to peer 0x95dc00000 (0 bytes)
1760825269.548191 sending message 107 to peer 0x95dc00000 (4 bytes)
1760825269.548197 sending message 105 to peer 0x95dc00000 (60 bytes)
1760825269.548203 sending message 105 to peer 0x95dc00000 (66 bytes)
1760825269.548207 sending message 105 to peer 0x95dc00000 (26 bytes)
1760825269.548212 sending message 105 to peer 0x95dc00000 (15 bytes)
1760825269.548218 sending message 105 to peer 0x95dc00000 (22 bytes)
1760825269.548223 sending message 105 to peer 0x95dc00000 (18 bytes)
1760825269.548228 sending message 105 to peer 0x95dc00000 (14 bytes)
1760825269.548233 sending message 105 to peer 0x95dc00000 (17 bytes)
1760825269.548238 sending message 105 to peer 0x95dc00000 (66 bytes)
1760825269.548243 sending message 105 to peer 0x95dc00000 (15 bytes)
1760825269.548249 sending message 105 to peer 0x95dc00000 (43 bytes)
1760825269.548255 sending message 105 to peer 0x95dc00000 (42 bytes)
1760825269.548260 sending message 105 to peer 0x95dc00000 (27 bytes)
1760825269.548265 sending message 105 to peer 0x95dc00000 (23 bytes)
1760825269.548271 sending message 105 to peer 0x95dc00000 (796 bytes)
1760825269.548282 sending message 105 to peer 0x95dc00000 (19 bytes)
1760825269.548288 sending message 105 to peer 0x95dc00000 (20 bytes)
1760825269.548293 sending message 105 to peer 0x95dc00000 (22 bytes)
1760825269.548299 sending message 105 to peer 0x95dc00000 (20 bytes)
1760825269.548305 sending message 105 to peer 0x95dc00000 (86 bytes)
1760825269.548311 sending message 105 to peer 0x95dc00000 (23 bytes)
1760825269.548316 sending message 105 to peer 0x95dc00000 (57 bytes)
1760825269.548322 sending message 105 to peer 0x95dc00000 (16 bytes)
1760825269.548328 sending message 105 to peer 0x95dc00000 (19 bytes)
1760825269.548332 sending message 105 to peer 0x95dc00000 (19 bytes)
1760825269.548337 sending message 105 to peer 0x95dc00000 (32 bytes)
1760825269.548342 sending message 105 to peer 0x95dc00000 (61 bytes)
1760825269.548347 sending message 105 to peer 0x95dc00000 (8 bytes)
1760825269.548351 sending message 105 to peer 0x95dc00000 (78 bytes)
1760825269.548356 sending message 105 to peer 0x95dc00000 (30 bytes)
1760825269.548361 sending message 105 to peer 0x95dc00000 (37 bytes)
1760825269.548365 sending message 105 to peer 0x95dc00000 (34 bytes)
1760825269.548370 sending message 105 to peer 0x95dc00000 (35 bytes)
1760825269.548375 sending message 105 to peer 0x95dc00000 (33 bytes)
1760825269.548379 sending message 105 to peer 0x95dc00000 (44 bytes)
1760825269.548385 sending message 105 to peer 0x95dc00000 (44 bytes)
1760825269.548390 sending message 105 to peer 0x95dc00000 (10 bytes)
1760825269.548396 sending message 105 to peer 0x95dc00000 (943 bytes)
1760825269.548399 sending message 105 to peer 0x95dc00000 (17 bytes)
1760825269.548404 sending message 105 to peer 0x95dc00000 (21 bytes)
1760825269.548408 sending message 105 to peer 0x95dc00000 (46 bytes)
1760825269.548413 sending message 105 to peer 0x95dc00000 (61 bytes)
1760825269.548418 sending message 105 to peer 0x95dc00000 (21 bytes)
1760825269.548423 sending message 105 to peer 0x95dc00000 (60 bytes)
1760825269.548427 sending message 105 to peer 0x95dc00000 (29 bytes)
1760825269.548434 sending message 105 to peer 0x95dc00000 (29 bytes)
1760825269.548437 sending message 105 to peer 0x95dc00000 (47 bytes)
1760825269.548440 sending message 105 to peer 0x95dc00000 (55 bytes)
1760825269.548443 sending message 105 to peer 0x95dc00000 (51 bytes)
1760825269.548448 sending message 105 to peer 0x95dc00000 (21 bytes)
1760825269.548453 sending message 105 to peer 0x95dc00000 (42 bytes)
1760825269.548458 sending message 105 to peer 0x95dc00000 (38 bytes)
1760825269.548464 sending message 105 to peer 0x95dc00000 (35 bytes)
1760825269.548470 sending message 105 to peer 0x95dc00000 (61 bytes)
1760825269.548477 sending message 105 to peer 0x95dc00000 (25 bytes)
1760825269.548482 sending message 105 to peer 0x95dc00000 (17 bytes)
1760825269.548486 sending message 105 to peer 0x95dc00000 (19 bytes)
1760825269.548491 sending message 105 to peer 0x95dc00000 (70 bytes)
1760825269.548497 sending message 105 to peer 0x95dc00000 (16 bytes)
1760825269.548500 sending message 105 to peer 0x95dc00000 (97 bytes)
1760825269.548503 sending message 105 to peer 0x95dc00000 (106 bytes)
1760825269.548508 sending message 105 to peer 0x95dc00000 (91 bytes)
1760825269.548514 sending message 105 to peer 0x95dc00000 (69 bytes)
1760825269.548519 sending message 105 to peer 0x95dc00000 (11 bytes)
1760825269.548524 sending message 105 to peer 0x95dc00000 (8 bytes)
1760825269.548529 sending message 105 to peer 0x95dc00000 (32 bytes)
1760825269.548539 sending message 105 to peer 0x95dc00000 (96 bytes)
1760825269.548548 sending message 105 to peer 0x95dc00000 (91 bytes)
1760825269.548555 sending message 105 to peer 0x95dc00000 (91 bytes)
1760825269.548560 sending message 105 to peer 0x95dc00000 (91 bytes)
1760825269.548565 sending message 105 to peer 0x95dc00000 (30 bytes)
1760825269.548571 sending message 105 to peer 0x95dc00000 (25 bytes)
1760825269.548576 sending message 106 to peer 0x95dc00000 (0 bytes)
1760825269.548635 sending message 200 to peer 0x95dc00000 (4 bytes)
1760825269.548642 client loop enter
1760825269.548669 client_signal: Child exited: 20
1760825269.592699 peer 0x95dc00000 message 207
1760825269.592707 sending message 208 to peer 0x95dc00000 (0 bytes)
1760825274.092190 peer 0x95dc00000 message 203
1760825274.092236 sending message 205 to peer 0x95dc00000 (0 bytes)
1760825274.092497 peer 0x95dc00000 message 204
1760825274.092511 client loop exit
